<?xml version="1.0" encoding="UTF-8"?>
<testng-results skipped="0" failed="0" ignored="0" total="1" passed="1">
  <reporter-output>
  </reporter-output>
  <suite name="Default suite" duration-ms="8338" started-at="2018-12-04T16:59:59Z" finished-at="2018-12-04T17:00:07Z">
    <groups>
    </groups>
    <test name="Default test" duration-ms="8338" started-at="2018-12-04T16:59:59Z" finished-at="2018-12-04T17:00:07Z">
      <class name="qa.testPacks.GetApitest">
        <test-method status="PASS" signature="setup()[pri:0, instance:qa.testPacks.GetApitest@29ee9faa]" name="setup" is-config="true" duration-ms="23" started-at="2018-12-04T16:59:59Z" finished-at="2018-12-04T16:59:59Z">
          <reporter-output>
          </reporter-output>
        </test-method> <!-- setup -->
        <test-method status="PASS" signature="gettest()[pri:0, instance:qa.testPacks.GetApitest@29ee9faa]" name="gettest" duration-ms="8212" started-at="2018-12-04T16:59:59Z" finished-at="2018-12-04T17:00:07Z">
          <reporter-output>
          </reporter-output>
        </test-method> <!-- gettest -->
      </class> <!-- qa.testPacks.GetApitest -->
    </test> <!-- Default test -->
  </suite> <!-- Default suite -->
</testng-results>
